TN:
SF:D:\WorkPlace\ProjectManager\src\polyfills.ts
FNF:0
FNH:0
LF:0
LH:0
BRF:0
BRH:0
end_of_record
TN:
SF:D:\WorkPlace\ProjectManager\src\test.ts
FNF:0
FNH:0
DA:13,1
DA:18,1
DA:20,1
LF:3
LH:3
BRF:0
BRH:0
end_of_record
TN:
SF:D:\WorkPlace\ProjectManager\src\app\app.component.ts
FN:29,(anonymous_2)
FN:30,AppComponent
FN:77,(anonymous_4)
FN:82,(anonymous_5)
FN:152,(anonymous_6)
FN:178,(anonymous_7)
FN:189,(anonymous_8)
FN:190,(anonymous_9)
FN:195,(anonymous_10)
FN:196,(anonymous_11)
FN:201,(anonymous_12)
FN:202,(anonymous_13)
FN:208,(anonymous_14)
FN:209,(anonymous_15)
FN:215,(anonymous_16)
FN:235,(anonymous_17)
FN:260,(anonymous_18)
FN:274,(anonymous_19)
FN:279,(anonymous_20)
FN:280,(anonymous_21)
FN:295,(anonymous_22)
FN:299,(anonymous_23)
FN:306,(anonymous_24)
FN:331,(anonymous_25)
FN:368,(anonymous_26)
FN:398,(anonymous_27)
FN:418,(anonymous_28)
FN:421,(anonymous_29)
FN:433,(anonymous_30)
FN:443,(anonymous_31)
FN:445,(anonymous_32)
FN:453,(anonymous_33)
FN:457,(anonymous_34)
FN:470,(anonymous_35)
FN:475,(anonymous_36)
FN:480,(anonymous_37)
FN:482,(anonymous_38)
FN:495,(anonymous_39)
FN:504,(anonymous_40)
FN:517,(anonymous_41)
FN:523,(anonymous_42)
FN:529,(anonymous_43)
FN:535,(anonymous_44)
FN:541,(anonymous_45)
FN:548,(anonymous_46)
FN:554,(anonymous_47)
FN:560,(anonymous_48)
FN:566,(anonymous_49)
FN:572,(anonymous_50)
FN:576,(anonymous_51)
FN:581,(anonymous_52)
FN:586,(anonymous_53)
FN:590,(anonymous_54)
FN:594,(anonymous_55)
FN:598,(anonymous_56)
FN:601,(anonymous_57)
FN:604,(anonymous_58)
FN:607,(anonymous_59)
FNF:58
FNH:52
FNDA:1,(anonymous_2)
FNDA:16,AppComponent
FNDA:16,(anonymous_4)
FNDA:16,(anonymous_5)
FNDA:0,(anonymous_6)
FNDA:20,(anonymous_7)
FNDA:20,(anonymous_8)
FNDA:20,(anonymous_9)
FNDA:20,(anonymous_10)
FNDA:20,(anonymous_11)
FNDA:20,(anonymous_12)
FNDA:20,(anonymous_13)
FNDA:20,(anonymous_14)
FNDA:20,(anonymous_15)
FNDA:3,(anonymous_16)
FNDA:0,(anonymous_17)
FNDA:1,(anonymous_18)
FNDA:1,(anonymous_19)
FNDA:1,(anonymous_20)
FNDA:0,(anonymous_21)
FNDA:20,(anonymous_22)
FNDA:20,(anonymous_23)
FNDA:5,(anonymous_24)
FNDA:3,(anonymous_25)
FNDA:0,(anonymous_26)
FNDA:1,(anonymous_27)
FNDA:1,(anonymous_28)
FNDA:1,(anonymous_29)
FNDA:1,(anonymous_30)
FNDA:20,(anonymous_31)
FNDA:20,(anonymous_32)
FNDA:1,(anonymous_33)
FNDA:0,(anonymous_34)
FNDA:1,(anonymous_35)
FNDA:1,(anonymous_36)
FNDA:1,(anonymous_37)
FNDA:0,(anonymous_38)
FNDA:1,(anonymous_39)
FNDA:3,(anonymous_40)
FNDA:1,(anonymous_41)
FNDA:1,(anonymous_42)
FNDA:1,(anonymous_43)
FNDA:1,(anonymous_44)
FNDA:1,(anonymous_45)
FNDA:1,(anonymous_46)
FNDA:1,(anonymous_47)
FNDA:1,(anonymous_48)
FNDA:1,(anonymous_49)
FNDA:1,(anonymous_50)
FNDA:1,(anonymous_51)
FNDA:1,(anonymous_52)
FNDA:1,(anonymous_53)
FNDA:1,(anonymous_54)
FNDA:1,(anonymous_55)
FNDA:1,(anonymous_56)
FNDA:1,(anonymous_57)
FNDA:1,(anonymous_58)
FNDA:1,(anonymous_59)
DA:29,1
DA:30,16
DA:31,16
DA:33,16
DA:35,16
DA:36,16
DA:37,16
DA:38,16
DA:39,16
DA:41,16
DA:46,16
DA:48,16
DA:49,16
DA:50,16
DA:51,16
DA:52,16
DA:53,16
DA:54,16
DA:55,16
DA:60,16
DA:61,16
DA:62,16
DA:63,16
DA:64,16
DA:65,16
DA:66,16
DA:67,16
DA:68,16
DA:69,16
DA:70,16
DA:71,16
DA:72,16
DA:73,16
DA:74,16
DA:75,16
DA:77,1
DA:82,16
DA:87,16
DA:93,16
DA:112,16
DA:138,16
DA:147,16
DA:152,16
DA:153,0
DA:154,0
DA:155,0
DA:157,0
DA:158,0
DA:159,0
DA:161,0
DA:162,0
DA:163,0
DA:165,0
DA:166,0
DA:167,0
DA:169,0
DA:170,0
DA:178,1
DA:179,20
DA:180,20
DA:181,20
DA:182,20
DA:183,20
DA:184,20
DA:189,20
DA:190,20
DA:191,20
DA:195,20
DA:196,20
DA:197,20
DA:201,20
DA:202,20
DA:203,20
DA:208,20
DA:209,20
DA:210,20
DA:215,3
DA:216,3
DA:217,3
DA:218,3
DA:219,3
DA:222,3
DA:223,2
DA:224,1
DA:226,1
DA:235,1
DA:236,0
DA:237,0
DA:238,0
DA:239,0
DA:240,0
DA:241,0
DA:244,0
DA:250,1
DA:255,1
DA:260,1
DA:261,1
DA:262,1
DA:263,1
DA:264,1
DA:265,1
DA:266,1
DA:267,1
DA:268,1
DA:270,1
DA:274,1
DA:275,1
DA:276,1
DA:279,1
DA:280,1
DA:281,0
DA:282,0
DA:284,0
DA:287,0
DA:295,20
DA:297,20
DA:299,20
DA:301,20
DA:306,5
DA:307,5
DA:308,5
DA:310,5
DA:311,5
DA:312,5
DA:314,5
DA:315,5
DA:316,5
DA:318,5
DA:319,5
DA:320,5
DA:322,5
DA:323,4
DA:324,4
DA:325,3
DA:331,3
DA:332,3
DA:333,3
DA:334,3
DA:335,3
DA:336,3
DA:337,3
DA:338,3
DA:341,0
DA:345,1
DA:349,1
DA:353,0
DA:355,0
DA:368,0
DA:369,0
DA:370,0
DA:371,0
DA:372,0
DA:373,0
DA:374,0
DA:375,0
DA:376,0
DA:377,0
DA:378,0
DA:381,0
DA:386,0
DA:391,1
DA:398,1
DA:400,1
DA:401,1
DA:403,1
DA:404,1
DA:405,1
DA:406,1
DA:407,1
DA:408,1
DA:409,1
DA:410,1
DA:411,1
DA:412,1
DA:413,1
DA:414,1
DA:415,0
DA:418,1
DA:420,1
DA:421,1
DA:423,1
DA:424,1
DA:428,0
DA:433,1
DA:434,1
DA:435,1
DA:436,1
DA:437,1
DA:438,1
DA:443,20
DA:445,20
DA:447,20
DA:453,1
DA:454,1
DA:455,1
DA:456,1
DA:457,1
DA:458,0
DA:459,0
DA:460,0
DA:461,0
DA:464,0
DA:470,1
DA:471,1
DA:472,1
DA:475,1
DA:476,1
DA:477,1
DA:480,1
DA:481,1
DA:482,1
DA:483,0
DA:484,0
DA:487,0
DA:489,0
DA:490,0
DA:491,0
DA:495,1
DA:496,1
DA:497,1
DA:498,1
DA:504,1
DA:505,3
DA:506,2
DA:507,1
DA:510,1
DA:513,1
DA:517,1
DA:518,1
DA:519,1
DA:520,1
DA:523,1
DA:524,1
DA:525,1
DA:526,1
DA:529,1
DA:530,1
DA:531,1
DA:532,1
DA:535,1
DA:536,1
DA:537,1
DA:538,1
DA:541,1
DA:542,1
DA:543,1
DA:544,1
DA:548,1
DA:549,1
DA:550,1
DA:554,1
DA:555,1
DA:556,1
DA:560,1
DA:561,1
DA:562,1
DA:566,1
DA:567,1
DA:568,1
DA:572,1
DA:573,1
DA:576,1
DA:577,1
DA:578,1
DA:581,1
DA:582,1
DA:586,1
DA:587,1
DA:590,1
DA:591,1
DA:594,1
DA:595,1
DA:598,1
DA:599,1
DA:601,1
DA:602,1
DA:604,1
DA:605,1
DA:607,1
DA:608,1
DA:610,1
LF:281
LH:227
BRDA:153,0,0,0
BRDA:153,0,1,0
BRDA:157,1,0,0
BRDA:157,1,1,0
BRDA:161,2,0,0
BRDA:161,2,1,0
BRDA:165,3,0,0
BRDA:165,3,1,0
BRDA:169,4,0,0
BRDA:169,4,1,0
BRDA:218,5,0,3
BRDA:218,5,1,0
BRDA:222,6,0,2
BRDA:222,6,1,1
BRDA:222,7,0,3
BRDA:222,7,1,2
BRDA:223,8,0,1
BRDA:223,8,1,1
BRDA:236,9,0,0
BRDA:236,9,1,0
BRDA:237,10,0,0
BRDA:237,10,1,0
BRDA:265,11,0,1
BRDA:265,11,1,0
BRDA:267,12,0,1
BRDA:267,12,1,0
BRDA:281,13,0,0
BRDA:281,13,1,0
BRDA:311,14,0,5
BRDA:311,14,1,0
BRDA:315,15,0,5
BRDA:315,15,1,0
BRDA:319,16,0,5
BRDA:319,16,1,0
BRDA:322,17,0,4
BRDA:322,17,1,1
BRDA:324,18,0,3
BRDA:324,18,1,1
BRDA:324,19,0,4
BRDA:324,19,1,3
BRDA:332,20,0,3
BRDA:332,20,1,0
BRDA:333,21,0,1
BRDA:333,21,1,2
BRDA:349,22,0,0
BRDA:349,22,1,1
BRDA:349,23,0,1
BRDA:349,23,1,0
BRDA:349,23,2,0
BRDA:349,23,3,0
BRDA:349,23,4,0
BRDA:349,23,5,0
BRDA:349,23,6,0
BRDA:349,23,7,0
BRDA:349,23,8,0
BRDA:349,23,9,0
BRDA:349,23,10,0
BRDA:353,24,0,0
BRDA:353,24,1,0
BRDA:369,25,0,0
BRDA:369,25,1,0
BRDA:370,26,0,0
BRDA:370,26,1,0
BRDA:410,27,0,1
BRDA:410,27,1,0
BRDA:412,28,0,1
BRDA:412,28,1,0
BRDA:420,29,0,1
BRDA:420,29,1,0
BRDA:420,30,0,1
BRDA:420,30,1,1
BRDA:455,31,0,1
BRDA:455,31,1,0
BRDA:458,32,0,0
BRDA:458,32,1,0
BRDA:459,33,0,0
BRDA:459,33,1,0
BRDA:483,34,0,0
BRDA:483,34,1,0
BRDA:505,35,0,2
BRDA:505,35,1,1
BRDA:505,36,0,3
BRDA:505,36,1,3
BRDA:506,37,0,1
BRDA:506,37,1,1
BRF:85
BRH:35
end_of_record
TN:
SF:D:\WorkPlace\ProjectManager\src\app\pipes\filter.pipe.ts
FN:6,(anonymous_1)
FN:8,(anonymous_3)
FN:10,(anonymous_4)
FN:14,(anonymous_5)
FN:18,(anonymous_6)
FN:22,(anonymous_7)
FN:26,(anonymous_8)
FN:30,(anonymous_9)
FN:34,(anonymous_10)
FN:38,(anonymous_11)
FNF:10
FNH:2
FNDA:18,(anonymous_1)
FNDA:96,(anonymous_3)
FNDA:0,(anonymous_4)
FNDA:0,(anonymous_5)
FNDA:0,(anonymous_6)
FNDA:0,(anonymous_7)
FNDA:0,(anonymous_8)
FNDA:0,(anonymous_9)
FNDA:0,(anonymous_10)
FNDA:0,(anonymous_11)
DA:6,1
DA:8,1
DA:9,96
DA:10,0
DA:13,96
DA:14,0
DA:17,96
DA:18,0
DA:21,96
DA:22,0
DA:25,96
DA:26,0
DA:29,96
DA:30,0
DA:33,96
DA:34,0
DA:37,96
DA:38,0
DA:41,96
DA:45,1
LF:20
LH:12
BRDA:9,0,0,0
BRDA:9,0,1,96
BRDA:10,1,0,0
BRDA:10,1,1,0
BRDA:13,2,0,0
BRDA:13,2,1,96
BRDA:17,3,0,0
BRDA:17,3,1,96
BRDA:21,4,0,0
BRDA:21,4,1,96
BRDA:25,5,0,0
BRDA:25,5,1,96
BRDA:29,6,0,0
BRDA:29,6,1,96
BRDA:30,7,0,0
BRDA:30,7,1,0
BRDA:33,8,0,0
BRDA:33,8,1,96
BRDA:37,9,0,0
BRDA:37,9,1,96
BRDA:38,10,0,0
BRDA:38,10,1,0
BRF:22
BRH:8
end_of_record
TN:
SF:D:\WorkPlace\ProjectManager\src\app\services\common-service.service.ts
FN:18,(anonymous_2)
FN:20,CommonServiceService
FN:23,(anonymous_4)
FN:29,(anonymous_5)
FN:33,(anonymous_6)
FN:37,(anonymous_7)
FN:42,(anonymous_8)
FN:46,(anonymous_9)
FN:50,(anonymous_10)
FN:57,(anonymous_11)
FN:61,(anonymous_12)
FN:65,(anonymous_13)
FNF:12
FNH:12
FNDA:1,(anonymous_2)
FNDA:2,CommonServiceService
FNDA:1,(anonymous_4)
FNDA:1,(anonymous_5)
FNDA:1,(anonymous_6)
FNDA:1,(anonymous_7)
FNDA:1,(anonymous_8)
FNDA:1,(anonymous_9)
FNDA:1,(anonymous_10)
FNDA:1,(anonymous_11)
FNDA:1,(anonymous_12)
FNDA:1,(anonymous_13)
DA:5,1
DA:7,1
DA:18,1
DA:20,2
DA:23,1
DA:24,1
DA:29,1
DA:30,1
DA:33,1
DA:34,1
DA:37,1
DA:38,1
DA:42,1
DA:43,1
DA:46,1
DA:47,1
DA:50,1
DA:51,1
DA:57,1
DA:58,1
DA:61,1
DA:62,1
DA:65,1
DA:66,1
DA:70,1
LF:25
LH:25
BRF:0
BRH:0
end_of_record
